{
  "stats": {
    "suites": 1,
    "tests": 5,
    "passes": 5,
    "pending": 0,
    "failures": 0,
    "start": "2024-10-11T06:44:45.238Z",
    "end": "2024-10-11T06:44:52.171Z",
    "duration": 6933,
    "testsRegistered": 5,
    "passPercent": 100,
    "pendingPercent": 0,
    "other": 0,
    "hasOther": false,
    "skipped": 0,
    "hasSkipped": false
  },
  "results": [
    {
      "uuid": "0894636b-2f4f-4917-8f51-455234552c12",
      "title": "",
      "fullFile": "cypress/e2e/login.cy.js",
      "file": "cypress/e2e/login.cy.js",
      "beforeHooks": [],
      "afterHooks": [],
      "tests": [],
      "suites": [
        {
          "uuid": "a44e8442-d3b7-4a07-8c76-e6769015fcb2",
          "title": "Login test",
          "fullFile": "",
          "file": "",
          "beforeHooks": [],
          "afterHooks": [],
          "tests": [
            {
              "title": "Should login successfully with valid credentials",
              "fullTitle": "Login test Should login successfully with valid credentials",
              "timedOut": null,
              "duration": 919,
              "state": "passed",
              "speed": "fast",
              "pass": true,
              "fail": false,
              "pending": false,
              "context": null,
              "code": "cy.get(\"#username\").type(\"admin\");\ncy.get(\"#password\").type(\"123456\");\ncy.get(\"#submit-button\").click();\ncy.get(\"#loginMessage\").should(\"contain.text\", \"Login successful!\");",
              "err": {},
              "uuid": "b7eb3184-a8fe-4e2f-bf78-6f0a111c3049",
              "parentUUID": "a44e8442-d3b7-4a07-8c76-e6769015fcb2",
              "isHook": false,
              "skipped": false
            },
            {
              "title": "Should display error message when login with invalid credentials",
              "fullTitle": "Login test Should display error message when login with invalid credentials",
              "timedOut": null,
              "duration": 697,
              "state": "passed",
              "speed": "fast",
              "pass": true,
              "fail": false,
              "pending": false,
              "context": null,
              "code": "cy.get(\"#username\").type(\"admin123\");\ncy.get(\"#password\").type(\"123\");\ncy.get(\"#submit-button\").click();\ncy.get(\"#loginMessage\").should(\"contain.text\", \"Invalid username or password.\");",
              "err": {},
              "uuid": "2812cc1d-0d81-48dc-9634-9b7673008f9c",
              "parentUUID": "a44e8442-d3b7-4a07-8c76-e6769015fcb2",
              "isHook": false,
              "skipped": false
            },
            {
              "title": "Should display error message when login with empty credentials (Empty username)",
              "fullTitle": "Login test Should display error message when login with empty credentials (Empty username)",
              "timedOut": null,
              "duration": 688,
              "state": "passed",
              "speed": "fast",
              "pass": true,
              "fail": false,
              "pending": false,
              "context": null,
              "code": "cy.get(\"#password\").type(\"123456\");\ncy.get(\"#submit-button\").click();\ncy.get(\"#loginMessage\").should(\"contain.text\", \"Please enter both username and password.\");",
              "err": {},
              "uuid": "918ec2e4-cb5d-46e5-9852-6305d8730a18",
              "parentUUID": "a44e8442-d3b7-4a07-8c76-e6769015fcb2",
              "isHook": false,
              "skipped": false
            },
            {
              "title": "Should display error message when login with empty credentials (Empty Password)",
              "fullTitle": "Login test Should display error message when login with empty credentials (Empty Password)",
              "timedOut": null,
              "duration": 575,
              "state": "passed",
              "speed": "fast",
              "pass": true,
              "fail": false,
              "pending": false,
              "context": null,
              "code": "cy.get(\"#username\").type(\"admin\");\ncy.get(\"#submit-button\").click();\ncy.get(\"#loginMessage\").should(\"contain.text\", \"Please enter both username and password.\");",
              "err": {},
              "uuid": "65535b40-612f-4f18-b330-670cadda3674",
              "parentUUID": "a44e8442-d3b7-4a07-8c76-e6769015fcb2",
              "isHook": false,
              "skipped": false
            },
            {
              "title": "Should display error message when login with empty credentials (Empty username & password)",
              "fullTitle": "Login test Should display error message when login with empty credentials (Empty username & password)",
              "timedOut": null,
              "duration": 308,
              "state": "passed",
              "speed": "fast",
              "pass": true,
              "fail": false,
              "pending": false,
              "context": null,
              "code": "cy.get(\"#submit-button\").click();\ncy.get(\"#loginMessage\").should(\"contain.text\", \"Please enter both username and password.\");",
              "err": {},
              "uuid": "aebbfb8f-5676-498a-8cb4-573cb4246e89",
              "parentUUID": "a44e8442-d3b7-4a07-8c76-e6769015fcb2",
              "isHook": false,
              "skipped": false
            }
          ],
          "suites": [],
          "passes": [
            "b7eb3184-a8fe-4e2f-bf78-6f0a111c3049",
            "2812cc1d-0d81-48dc-9634-9b7673008f9c",
            "918ec2e4-cb5d-46e5-9852-6305d8730a18",
            "65535b40-612f-4f18-b330-670cadda3674",
            "aebbfb8f-5676-498a-8cb4-573cb4246e89"
          ],
          "failures": [],
          "pending": [],
          "skipped": [],
          "duration": 3187,
          "root": false,
          "rootEmpty": false,
          "_timeout": 2000
        }
      ],
      "passes": [],
      "failures": [],
      "pending": [],
      "skipped": [],
      "duration": 0,
      "root": true,
      "rootEmpty": true,
      "_timeout": 2000
    }
  ],
  "meta": {
    "mocha": {
      "version": "7.0.1"
    },
    "mochawesome": {
      "options": {
        "quiet": false,
        "reportFilename": "mochawesome",
        "saveHtml": true,
        "saveJson": true,
        "consoleReporter": "spec",
        "useInlineDiffs": false,
        "code": true
      },
      "version": "7.1.3"
    },
    "marge": {
      "options": {
        "reportDir": "cypress/reports",
        "overwrite": false,
        "html": true,
        "json": true,
        "charts": true
      },
      "version": "6.2.0"
    }
  }
}